<?xml version="1.0" encoding="UTF-8"?>
<!-- Generated by org.testng.reporters.JUnitXMLReporter -->
<testsuite hostname="vagrant-pc" name="FlightBookingTest" tests="2" failures="1" timestamp="8 Mar 2017 16:00:11 GMT" time="15.294" errors="0">
  <testcase name="bookTicket" time="6.431" classname="com.demoaut.newtours.TestScripts.FlightBookingTest"/>
  <testcase name="validlogin" time="0.002" classname="com.demoaut.newtours.TestScripts.validCredentialsTests">
    <failure type="java.lang.NullPointerException">
      <![CDATA[java.lang.NullPointerException
	at org.openqa.selenium.support.pagefactory.DefaultElementLocator.findElement(DefaultElementLocator.java:69)
	at org.openqa.selenium.support.pagefactory.internal.LocatingElementHandler.invoke(LocatingElementHandler.java:38)
	at com.sun.proxy.$Proxy9.sendKeys(Unknown Source)
	at com.demoaut.newtours.Pages.HomePage.login(HomePage.java:32)
	at com.demoaut.newtours.TestScripts.validCredentialsTests.validlogin(validCredentialsTests.java:23)
... Removed 24 stack frames]]>
    </failure>
  </testcase> <!-- validlogin -->
</testsuite> <!-- FlightBookingTest -->
