<?xml version="1.0" encoding="UTF-8"?>
<testng-results skipped="0" failed="0" total="2" passed="2">
  <reporter-output>
  </reporter-output>
  <suite name="com.demoaut.newtours.Suite" duration-ms="25526" started-at="2017-03-08T17:17:50Z" finished-at="2017-03-08T17:18:16Z">
    <groups>
    </groups>
    <test name="FirefoxDriverTest" duration-ms="12892" started-at="2017-03-08T17:17:50Z" finished-at="2017-03-08T17:18:03Z">
      <class name="com.demoaut.newtours.TestScripts.FlightBookingTest">
        <test-method status="PASS" signature="openBrowser(java.lang.String)[pri:0, instance:com.demoaut.newtours.TestScripts.FlightBookingTest@6ea12c19]" name="openBrowser" is-config="true" duration-ms="6392" started-at="2017-03-08T12:17:50Z" finished-at="2017-03-08T12:17:57Z">
          <params>
            <param index="0">
              <value>
                <![CDATA[Firefox]]>
              </value>
            </param>
          </params>
          <reporter-output>
          </reporter-output>
        </test-method> <!-- openBrowser -->
        <test-method status="PASS" signature="bookTicket()[pri:0, instance:com.demoaut.newtours.TestScripts.FlightBookingTest@6ea12c19]" name="bookTicket" duration-ms="6012" started-at="2017-03-08T12:17:57Z" finished-at="2017-03-08T12:18:03Z">
          <reporter-output>
          </reporter-output>
        </test-method> <!-- bookTicket -->
        <test-method status="PASS" signature="closeBrowser()[pri:0, instance:com.demoaut.newtours.TestScripts.FlightBookingTest@6ea12c19]" name="closeBrowser" is-config="true" duration-ms="469" started-at="2017-03-08T12:18:03Z" finished-at="2017-03-08T12:18:03Z">
          <reporter-output>
          </reporter-output>
        </test-method> <!-- closeBrowser -->
      </class> <!-- com.demoaut.newtours.TestScripts.FlightBookingTest -->
    </test> <!-- FirefoxDriverTest -->
    <test name="ChromeDriverTest" duration-ms="12587" started-at="2017-03-08T17:18:03Z" finished-at="2017-03-08T17:18:16Z">
      <class name="com.demoaut.newtours.TestScripts.FlightBookingTest">
        <test-method status="PASS" signature="openBrowser(java.lang.String)[pri:0, instance:com.demoaut.newtours.TestScripts.FlightBookingTest@3a82f6ef]" name="openBrowser" is-config="true" duration-ms="4871" started-at="2017-03-08T12:18:03Z" finished-at="2017-03-08T12:18:08Z">
          <params>
            <param index="0">
              <value>
                <![CDATA[Chrome]]>
              </value>
            </param>
          </params>
          <reporter-output>
          </reporter-output>
        </test-method> <!-- openBrowser -->
        <test-method status="PASS" signature="bookTicket()[pri:0, instance:com.demoaut.newtours.TestScripts.FlightBookingTest@3a82f6ef]" name="bookTicket" duration-ms="6804" started-at="2017-03-08T12:18:08Z" finished-at="2017-03-08T12:18:15Z">
          <reporter-output>
          </reporter-output>
        </test-method> <!-- bookTicket -->
        <test-method status="PASS" signature="closeBrowser()[pri:0, instance:com.demoaut.newtours.TestScripts.FlightBookingTest@3a82f6ef]" name="closeBrowser" is-config="true" duration-ms="910" started-at="2017-03-08T12:18:15Z" finished-at="2017-03-08T12:18:16Z">
          <reporter-output>
          </reporter-output>
        </test-method> <!-- closeBrowser -->
      </class> <!-- com.demoaut.newtours.TestScripts.FlightBookingTest -->
    </test> <!-- ChromeDriverTest -->
  </suite> <!-- com.demoaut.newtours.Suite -->
</testng-results>
